{"C:\\Users\\u729014\\Downloads\\Code_Self\\Stencil-firstAPP\\src\\components\\app-home\\app-home.tsx": {"path":"C:\\Users\\u729014\\Downloads\\Code_Self\\Stencil-firstAPP\\src\\components\\app-home\\app-home.tsx","statementMap":{"0":{"start":{"line":1,"column":0},"end":{"line":1,"column":66}},"1":{"start":{"line":2,"column":0},"end":{"line":2,"column":66}},"2":{"start":{"line":3,"column":0},"end":{"line":3,"column":68}},"3":{"start":{"line":5,"column":0},"end":{"line":5,"column":78}},"4":{"start":{"line":12,"column":11},"end":{"line":12,"column":36}},"5":{"start":{"line":20,"column":19},"end":{"line":20,"column":31}},"6":{"start":{"line":21,"column":4},"end":{"line":21,"column":34}},"7":{"start":{"line":22,"column":4},"end":{"line":22,"column":30}},"8":{"start":{"line":26,"column":4},"end":{"line":26,"column":37}},"9":{"start":{"line":27,"column":4},"end":{"line":30,"column":7}},"10":{"start":{"line":35,"column":4},"end":{"line":35,"column":31}},"11":{"start":{"line":41,"column":4},"end":{"line":41,"column":17}},"12":{"start":{"line":42,"column":4},"end":{"line":42,"column":64}},"13":{"start":{"line":43,"column":4},"end":{"line":43,"column":45}},"14":{"start":{"line":51,"column":4},"end":{"line":51,"column":39}},"15":{"start":{"line":56,"column":21},"end":{"line":56,"column":33}},"16":{"start":{"line":58,"column":4},"end":{"line":62,"column":null}},"17":{"start":{"line":59,"column":7},"end":{"line":59,"column":37}},"18":{"start":{"line":60,"column":7},"end":{"line":60,"column":33}},"19":{"start":{"line":61,"column":7},"end":{"line":61,"column":48}},"20":{"start":{"line":63,"column":5},"end":{"line":63,"column":12}},"21":{"start":{"line":67,"column":4},"end":{"line":70,"column":7}},"22":{"start":{"line":77,"column":20},"end":{"line":77,"column":53}},"23":{"start":{"line":78,"column":4},"end":{"line":85,"column":null}},"24":{"start":{"line":79,"column":40},"end":{"line":82,"column":8}},"25":{"start":{"line":83,"column":6},"end":{"line":83,"column":35}},"26":{"start":{"line":84,"column":6},"end":{"line":84,"column":32}},"27":{"start":{"line":86,"column":4},"end":{"line":86,"column":11}},"28":{"start":{"line":91,"column":16},"end":{"line":91,"column":62}},"29":{"start":{"line":92,"column":4},"end":{"line":97,"column":38}},"30":{"start":{"line":96,"column":24},"end":{"line":96,"column":45}},"31":{"start":{"line":97,"column":20},"end":{"line":97,"column":36}},"32":{"start":{"line":104,"column":20},"end":{"line":104,"column":32}},"33":{"start":{"line":106,"column":4},"end":{"line":106,"column":35}},"34":{"start":{"line":107,"column":4},"end":{"line":107,"column":30}},"35":{"start":{"line":108,"column":4},"end":{"line":108,"column":45}},"36":{"start":{"line":112,"column":4},"end":{"line":117,"column":38}},"37":{"start":{"line":115,"column":24},"end":{"line":115,"column":39}},"38":{"start":{"line":116,"column":24},"end":{"line":116,"column":45}},"39":{"start":{"line":117,"column":20},"end":{"line":117,"column":36}},"40":{"start":{"line":123,"column":4},"end":{"line":123,"column":26}},"41":{"start":{"line":124,"column":4},"end":{"line":129,"column":9}},"42":{"start":{"line":125,"column":24},"end":{"line":125,"column":39}},"43":{"start":{"line":127,"column":8},"end":{"line":127,"column":26}},"44":{"start":{"line":128,"column":8},"end":{"line":128,"column":29}},"45":{"start":{"line":134,"column":4},"end":{"line":136,"column":12}},"46":{"start":{"line":135,"column":6},"end":{"line":135,"column":44}},"47":{"start":{"line":140,"column":4},"end":{"line":140,"column":24}},"48":{"start":{"line":144,"column":4},"end":{"line":144,"column":27}},"49":{"start":{"line":150,"column":4},"end":{"line":164,"column":6}},"50":{"start":{"line":7,"column":0},"end":{"line":7,"column":null}}},"fnMap":{"0":{"name":"(anonymous_0)","decl":{"start":{"line":7,"column":0},"end":{"line":7,"column":null}},"loc":{"start":{"line":7,"column":0},"end":{"line":166,"column":null}}},"1":{"name":"(anonymous_1)","decl":{"start":{"line":19,"column":2},"end":{"line":19,"column":7}},"loc":{"start":{"line":19,"column":51},"end":{"line":23,"column":3}}},"2":{"name":"(anonymous_2)","decl":{"start":{"line":25,"column":2},"end":{"line":25,"column":7}},"loc":{"start":{"line":25,"column":30},"end":{"line":31,"column":3}}},"3":{"name":"(anonymous_3)","decl":{"start":{"line":34,"column":2},"end":{"line":34,"column":7}},"loc":{"start":{"line":34,"column":35},"end":{"line":36,"column":3}}},"4":{"name":"(anonymous_4)","decl":{"start":{"line":40,"column":2},"end":{"line":40,"column":7}},"loc":{"start":{"line":40,"column":61},"end":{"line":44,"column":3}}},"5":{"name":"(anonymous_5)","decl":{"start":{"line":50,"column":2},"end":{"line":50,"column":7}},"loc":{"start":{"line":50,"column":55},"end":{"line":52,"column":3}}},"6":{"name":"(anonymous_6)","decl":{"start":{"line":55,"column":2},"end":{"line":55,"column":7}},"loc":{"start":{"line":55,"column":49},"end":{"line":64,"column":3}}},"7":{"name":"(anonymous_7)","decl":{"start":{"line":66,"column":2},"end":{"line":66,"column":7}},"loc":{"start":{"line":66,"column":28},"end":{"line":71,"column":3}}},"8":{"name":"(anonymous_8)","decl":{"start":{"line":76,"column":2},"end":{"line":76,"column":7}},"loc":{"start":{"line":76,"column":51},"end":{"line":87,"column":3}}},"9":{"name":"(anonymous_9)","decl":{"start":{"line":90,"column":2},"end":{"line":90,"column":7}},"loc":{"start":{"line":90,"column":37},"end":{"line":98,"column":3}}},"10":{"name":"(anonymous_10)","decl":{"start":{"line":96,"column":12},"end":{"line":96,"column":20}},"loc":{"start":{"line":96,"column":24},"end":{"line":96,"column":45}}},"11":{"name":"(anonymous_11)","decl":{"start":{"line":97,"column":13},"end":{"line":97,"column":16}},"loc":{"start":{"line":97,"column":20},"end":{"line":97,"column":36}}},"12":{"name":"(anonymous_12)","decl":{"start":{"line":103,"column":2},"end":{"line":103,"column":7}},"loc":{"start":{"line":103,"column":51},"end":{"line":109,"column":3}}},"13":{"name":"(anonymous_13)","decl":{"start":{"line":111,"column":2},"end":{"line":111,"column":7}},"loc":{"start":{"line":111,"column":30},"end":{"line":118,"column":3}}},"14":{"name":"(anonymous_14)","decl":{"start":{"line":115,"column":12},"end":{"line":115,"column":20}},"loc":{"start":{"line":115,"column":24},"end":{"line":115,"column":39}}},"15":{"name":"(anonymous_15)","decl":{"start":{"line":116,"column":12},"end":{"line":116,"column":20}},"loc":{"start":{"line":116,"column":24},"end":{"line":116,"column":45}}},"16":{"name":"(anonymous_16)","decl":{"start":{"line":117,"column":13},"end":{"line":117,"column":16}},"loc":{"start":{"line":117,"column":20},"end":{"line":117,"column":36}}},"17":{"name":"(anonymous_17)","decl":{"start":{"line":122,"column":2},"end":{"line":122,"column":7}},"loc":{"start":{"line":122,"column":20},"end":{"line":137,"column":3}}},"18":{"name":"(anonymous_18)","decl":{"start":{"line":125,"column":12},"end":{"line":125,"column":20}},"loc":{"start":{"line":125,"column":24},"end":{"line":125,"column":39}}},"19":{"name":"(anonymous_19)","decl":{"start":{"line":126,"column":12},"end":{"line":126,"column":16}},"loc":{"start":{"line":126,"column":19},"end":{"line":129,"column":7}}},"20":{"name":"(anonymous_20)","decl":{"start":{"line":134,"column":48},"end":{"line":134,"column":58}},"loc":{"start":{"line":134,"column":89},"end":{"line":136,"column":5}}},"21":{"name":"(anonymous_21)","decl":{"start":{"line":139,"column":2},"end":{"line":139,"column":7}},"loc":{"start":{"line":139,"column":25},"end":{"line":141,"column":3}}},"22":{"name":"(anonymous_22)","decl":{"start":{"line":143,"column":2},"end":{"line":143,"column":15}},"loc":{"start":{"line":143,"column":15},"end":{"line":145,"column":3}}},"23":{"name":"(anonymous_23)","decl":{"start":{"line":149,"column":2},"end":{"line":149,"column":8}},"loc":{"start":{"line":149,"column":8},"end":{"line":165,"column":3}}}},"branchMap":{"0":{"loc":{"start":{"line":58,"column":4},"end":{"line":62,"column":null}},"type":"if","locations":[{"start":{"line":58,"column":4},"end":{"line":62,"column":null}}]},"1":{"loc":{"start":{"line":78,"column":4},"end":{"line":85,"column":null}},"type":"if","locations":[{"start":{"line":78,"column":4},"end":{"line":85,"column":null}}]},"2":{"loc":{"start":{"line":134,"column":4},"end":{"line":136,"column":11}},"type":"cond-expr","locations":[{"start":{"line":134,"column":31},"end":{"line":136,"column":6}},{"start":{"line":136,"column":9},"end":{"line":136,"column":11}}]},"3":{"loc":{"start":{"line":134,"column":31},"end":{"line":136,"column":6}},"type":"cond-expr","locations":[{"start":{"line":134,"column":41},"end":{"line":134,"column":43}},{"start":{"line":134,"column":41},"end":{"line":136,"column":6}}]},"4":{"loc":{"start":{"line":134,"column":31},"end":{"line":134,"column":43}},"type":"binary-expr","locations":[{"start":{"line":134,"column":31},"end":{"line":134,"column":43}},{"start":{"line":134,"column":41},"end":{"line":134,"column":43}}]},"5":{"loc":{"start":{"line":156,"column":9},"end":{"line":156,"column":81}},"type":"binary-expr","locations":[{"start":{"line":156,"column":9},"end":{"line":156,"column":37}},{"start":{"line":156,"column":41},"end":{"line":156,"column":81}}]},"6":{"loc":{"start":{"line":158,"column":17},"end":{"line":158,"column":55}},"type":"cond-expr","locations":[{"start":{"line":158,"column":34},"end":{"line":158,"column":42}},{"start":{"line":158,"column":45},"end":{"line":158,"column":55}}]}},"s":{"0":1,"1":1,"2":1,"3":1,"4":1,"5":0,"6":0,"7":0,"8":0,"9":0,"10":0,"11":0,"12":0,"13":0,"14":0,"15":0,"16":0,"17":0,"18":0,"19":0,"20":0,"21":0,"22":1,"23":1,"24":0,"25":0,"26":0,"27":0,"28":0,"29":0,"30":0,"31":0,"32":0,"33":0,"34":0,"35":0,"36":0,"37":0,"38":0,"39":0,"40":1,"41":1,"42":1,"43":1,"44":1,"45":1,"46":0,"47":1,"48":1,"49":2,"50":1},"f":{"0":1,"1":0,"2":0,"3":0,"4":0,"5":0,"6":0,"7":0,"8":1,"9":0,"10":0,"11":0,"12":0,"13":0,"14":0,"15":0,"16":0,"17":1,"18":1,"19":1,"20":0,"21":1,"22":1,"23":2},"b":{"0":[0],"1":[0],"2":[0,1],"3":[0,0],"4":[0,0],"5":[2,0],"6":[1,1]}}
}
