TN:
SF:src\components\app-home\app-home.tsx
FN:7,(anonymous_0)
FN:19,(anonymous_1)
FN:25,(anonymous_2)
FN:34,(anonymous_3)
FN:40,(anonymous_4)
FN:50,(anonymous_5)
FN:55,(anonymous_6)
FN:66,(anonymous_7)
FN:76,(anonymous_8)
FN:90,(anonymous_9)
FN:96,(anonymous_10)
FN:97,(anonymous_11)
FN:103,(anonymous_12)
FN:111,(anonymous_13)
FN:115,(anonymous_14)
FN:116,(anonymous_15)
FN:117,(anonymous_16)
FN:122,(anonymous_17)
FN:125,(anonymous_18)
FN:126,(anonymous_19)
FN:134,(anonymous_20)
FN:139,(anonymous_21)
FN:143,(anonymous_22)
FN:149,(anonymous_23)
FNF:24
FNH:8
FNDA:1,(anonymous_0)
FNDA:0,(anonymous_1)
FNDA:0,(anonymous_2)
FNDA:0,(anonymous_3)
FNDA:0,(anonymous_4)
FNDA:0,(anonymous_5)
FNDA:0,(anonymous_6)
FNDA:0,(anonymous_7)
FNDA:1,(anonymous_8)
FNDA:0,(anonymous_9)
FNDA:0,(anonymous_10)
FNDA:0,(anonymous_11)
FNDA:0,(anonymous_12)
FNDA:0,(anonymous_13)
FNDA:0,(anonymous_14)
FNDA:0,(anonymous_15)
FNDA:0,(anonymous_16)
FNDA:1,(anonymous_17)
FNDA:1,(anonymous_18)
FNDA:1,(anonymous_19)
FNDA:0,(anonymous_20)
FNDA:1,(anonymous_21)
FNDA:1,(anonymous_22)
FNDA:2,(anonymous_23)
DA:1,1
DA:2,1
DA:3,1
DA:5,1
DA:7,1
DA:12,1
DA:20,0
DA:21,0
DA:22,0
DA:26,0
DA:27,0
DA:35,0
DA:41,0
DA:42,0
DA:43,0
DA:51,0
DA:56,0
DA:58,0
DA:59,0
DA:60,0
DA:61,0
DA:63,0
DA:67,0
DA:77,1
DA:78,1
DA:79,0
DA:83,0
DA:84,0
DA:86,0
DA:91,0
DA:92,0
DA:96,0
DA:97,0
DA:104,0
DA:106,0
DA:107,0
DA:108,0
DA:112,0
DA:115,0
DA:116,0
DA:117,0
DA:123,1
DA:124,1
DA:125,1
DA:127,1
DA:128,1
DA:134,1
DA:135,0
DA:140,1
DA:144,1
DA:150,2
LF:51
LH:17
BRDA:58,0,0,0
BRDA:78,1,0,0
BRDA:134,2,0,0
BRDA:134,2,1,1
BRDA:134,3,0,0
BRDA:134,3,1,0
BRDA:134,4,0,0
BRDA:134,4,1,0
BRDA:156,5,0,2
BRDA:156,5,1,0
BRDA:158,6,0,1
BRDA:158,6,1,1
BRF:12
BRH:4
end_of_record
